
| ------------------- | ------------- | ------------------------- | ----------------------------------------------------------------- |
| Phase               | Time in Phase | Time/Date                 | Description                                                       |
| ------------------- | ------------- | ------------------------- | ----------------------------------------------------------------- |
| add_files           | 00h:00m:00s   | 09:39:43 Mon Jun 12 2017  | Add source files                                                  |
| ------------------- | ------------- | ------------------------- | ----------------------------------------------------------------- |
| add_xdc             | 00h:00m:00s   | 09:39:43 Mon Jun 12 2017  | Add synthesis only XDC files                                      |
| ------------------- | ------------- | ------------------------- | ----------------------------------------------------------------- |
| synth_design        | 00h:03m:45s   | 09:39:43 Mon Jun 12 2017  | patmos_top -flatten_hierarchy rebuilt                             |
| ------------------- | ------------- | ------------------------- | ----------------------------------------------------------------- |
| write_checkpiont    | 00h:00m:03s   | 09:43:28 Mon Jun 12 2017  | Write out synthesis DCP                                           |
| ------------------- | ------------- | ------------------------- | ----------------------------------------------------------------- |
| report_utilization  | 00h:00m:00s   | 09:43:31 Mon Jun 12 2017  | Report Synthesis Utilization of Static                            |
| ------------------- | ------------- | ------------------------- | ----------------------------------------------------------------- |
Total time:		00h:03m:49s

| ------------------- | ------------- | ------------------------- | ----------------------------------------------------------------- |
| Phase               | Time in Phase | Time/Date                 | Description                                                       |
| ------------------- | ------------- | ------------------------- | ----------------------------------------------------------------- |
| add_files           | 00h:00m:00s   | 09:43:32 Mon Jun 12 2017  | Add source files                                                  |
| ------------------- | ------------- | ------------------------- | ----------------------------------------------------------------- |
| synth_design        | 00h:00m:17s   | 09:43:32 Mon Jun 12 2017  | recon_matrix -flatten_hierarchy rebuilt                           |
| ------------------- | ------------- | ------------------------- | ----------------------------------------------------------------- |
| write_checkpiont    | 00h:00m:03s   | 09:43:49 Mon Jun 12 2017  | Write out synthesis DCP                                           |
| ------------------- | ------------- | ------------------------- | ----------------------------------------------------------------- |
| report_utilization  | 00h:00m:00s   | 09:43:52 Mon Jun 12 2017  | Report Synthesis Utilization of recon_matmul_3b_4x4               |
| ------------------- | ------------- | ------------------------- | ----------------------------------------------------------------- |
Total time:		00h:00m:20s

| ------------------- | ------------- | ------------------------- | ----------------------------------------------------------------- |
| Phase               | Time in Phase | Time/Date                 | Description                                                       |
| ------------------- | ------------- | ------------------------- | ----------------------------------------------------------------- |
| add_files           | 00h:00m:00s   | 09:43:53 Mon Jun 12 2017  | Add source files                                                  |
| ------------------- | ------------- | ------------------------- | ----------------------------------------------------------------- |
| synth_design        | 00h:00m:22s   | 09:43:53 Mon Jun 12 2017  | recon_matrix -flatten_hierarchy rebuilt                           |
| ------------------- | ------------- | ------------------------- | ----------------------------------------------------------------- |
| write_checkpiont    | 00h:00m:01s   | 09:44:15 Mon Jun 12 2017  | Write out synthesis DCP                                           |
| ------------------- | ------------- | ------------------------- | ----------------------------------------------------------------- |
| report_utilization  | 00h:00m:00s   | 09:44:16 Mon Jun 12 2017  | Report Synthesis Utilization of recon_matmul_3b_16x16             |
| ------------------- | ------------- | ------------------------- | ----------------------------------------------------------------- |
Total time:		00h:00m:23s

| ------------------- | ------------- | ------------------------- | ----------------------------------------------------------------- |
| Phase               | Time in Phase | Time/Date                 | Description                                                       |
| ------------------- | ------------- | ------------------------- | ----------------------------------------------------------------- |
| add_files           | 00h:00m:00s   | 09:44:17 Mon Jun 12 2017  | Add source files                                                  |
| ------------------- | ------------- | ------------------------- | ----------------------------------------------------------------- |
| synth_design        | 00h:00m:51s   | 09:44:17 Mon Jun 12 2017  | recon_matrix -flatten_hierarchy rebuilt                           |
| ------------------- | ------------- | ------------------------- | ----------------------------------------------------------------- |
| write_checkpiont    | 00h:00m:01s   | 09:45:08 Mon Jun 12 2017  | Write out synthesis DCP                                           |
| ------------------- | ------------- | ------------------------- | ----------------------------------------------------------------- |
| report_utilization  | 00h:00m:01s   | 09:45:09 Mon Jun 12 2017  | Report Synthesis Utilization of recon_matmul_3b_32x32             |
| ------------------- | ------------- | ------------------------- | ----------------------------------------------------------------- |
Total time:		00h:00m:53s

| ------------------- | ------------- | ------------------------- | ----------------------------------------------------------------- |
| Phase               | Time in Phase | Time/Date                 | Description                                                       |
| ------------------- | ------------- | ------------------------- | ----------------------------------------------------------------- |
| add_files           | 00h:00m:00s   | 09:45:10 Mon Jun 12 2017  | Add source files                                                  |
| ------------------- | ------------- | ------------------------- | ----------------------------------------------------------------- |
| synth_design        | 00h:00m:33s   | 09:45:10 Mon Jun 12 2017  | recon_matrix -flatten_hierarchy rebuilt                           |
| ------------------- | ------------- | ------------------------- | ----------------------------------------------------------------- |
| write_checkpiont    | 00h:00m:01s   | 09:45:43 Mon Jun 12 2017  | Write out synthesis DCP                                           |
| ------------------- | ------------- | ------------------------- | ----------------------------------------------------------------- |
| report_utilization  | 00h:00m:00s   | 09:45:44 Mon Jun 12 2017  | Report Synthesis Utilization of recon_minver_1b_4x4               |
| ------------------- | ------------- | ------------------------- | ----------------------------------------------------------------- |
Total time:		00h:00m:34s

| ------------------- | ------------- | ------------------------- | ----------------------------------------------------------------- |
| Phase               | Time in Phase | Time/Date                 | Description                                                       |
| ------------------- | ------------- | ------------------------- | ----------------------------------------------------------------- |
| add_files           | 00h:00m:01s   | 09:45:44 Mon Jun 12 2017  | Add source files                                                  |
| ------------------- | ------------- | ------------------------- | ----------------------------------------------------------------- |
| synth_design        | 00h:00m:42s   | 09:45:45 Mon Jun 12 2017  | recon_matrix -flatten_hierarchy rebuilt                           |
| ------------------- | ------------- | ------------------------- | ----------------------------------------------------------------- |
| write_checkpiont    | 00h:00m:01s   | 09:46:27 Mon Jun 12 2017  | Write out synthesis DCP                                           |
| ------------------- | ------------- | ------------------------- | ----------------------------------------------------------------- |
| report_utilization  | 00h:00m:01s   | 09:46:28 Mon Jun 12 2017  | Report Synthesis Utilization of recon_minver_1b_16x16             |
| ------------------- | ------------- | ------------------------- | ----------------------------------------------------------------- |
Total time:		00h:00m:45s

| ------------------- | ------------- | ------------------------- | ----------------------------------------------------------------- |
| Phase               | Time in Phase | Time/Date                 | Description                                                       |
| ------------------- | ------------- | ------------------------- | ----------------------------------------------------------------- |
| add_files           | 00h:00m:01s   | 09:46:29 Mon Jun 12 2017  | Add source files                                                  |
| ------------------- | ------------- | ------------------------- | ----------------------------------------------------------------- |
| synth_design        | 00h:00m:53s   | 09:46:30 Mon Jun 12 2017  | recon_matrix -flatten_hierarchy rebuilt                           |
| ------------------- | ------------- | ------------------------- | ----------------------------------------------------------------- |
| write_checkpiont    | 00h:00m:02s   | 09:47:23 Mon Jun 12 2017  | Write out synthesis DCP                                           |
| ------------------- | ------------- | ------------------------- | ----------------------------------------------------------------- |
| report_utilization  | 00h:00m:00s   | 09:47:25 Mon Jun 12 2017  | Report Synthesis Utilization of recon_minver_1b_32x32             |
| ------------------- | ------------- | ------------------------- | ----------------------------------------------------------------- |
Total time:		00h:00m:56s
Info: Running Vivado version Vivado v2016.4 (64-bit)
SW Build 1733598 on Wed Dec 14 22:35:42 MST 2016
IP Build 1731160 on Wed Dec 14 23:47:21 MST 2016
Copyright 1986-2016 Xilinx, Inc. All Rights Reserved.
#HD: Running implementation config_recon_matmul_3b_4x4_implement
Writing results to: ./implement/config_recon_matmul_3b_4x4_implement
Writing reports to: ./implement/config_recon_matmul_3b_4x4_implement/reports

| ------------------- | ------------- | ------------------------- | ----------------------------------------------------------------- |
| Phase               | Time in Phase | Time/Date                 | Description                                                       |
| ------------------- | ------------- | ------------------------- | ----------------------------------------------------------------- |
| link_design         | 00h:00m:08s   | 09:47:25 Mon Jun 12 2017  | link_design -part xc7a100tcsg324-1 -top patmos_top                |
| ------------------- | ------------- | ------------------------- | ----------------------------------------------------------------- |
| read_checkpoint     | 00h:00m:02s   | 09:47:33 Mon Jun 12 2017  | Resolve blackbox for recon_matrix_inst_0                          |
| ------------------- | ------------- | ------------------------- | ----------------------------------------------------------------- |
| write_checkpoint    | 00h:00m:04s   | 09:47:35 Mon Jun 12 2017  | Post link_design checkpoint                                       |
| ------------------- | ------------- | ------------------------- | ----------------------------------------------------------------- |
| opt_design          | 00h:00m:24s   | 09:47:39 Mon Jun 12 2017  | opt_design                                                        |
| ------------------- | ------------- | ------------------------- | ----------------------------------------------------------------- |
| write_checkpoint    | 00h:00m:04s   | 09:48:03 Mon Jun 12 2017  | Post-opt_design checkpoint                                        |
| ------------------- | ------------- | ------------------------- | ----------------------------------------------------------------- |
| place_design        | 00h:00m:55s   | 09:48:07 Mon Jun 12 2017  | place_design                                                      |
| ------------------- | ------------- | ------------------------- | ----------------------------------------------------------------- |
| write_checkpoint    | 00h:00m:04s   | 09:49:02 Mon Jun 12 2017  | Post-place_design checkpoint                                      |
| ------------------- | ------------- | ------------------------- | ----------------------------------------------------------------- |
| phys_opt_design     | 00h:00m:05s   | 09:49:06 Mon Jun 12 2017  | phys_opt_design                                                   |
| ------------------- | ------------- | ------------------------- | ----------------------------------------------------------------- |
| write_checkpoint    | 00h:00m:05s   | 09:49:11 Mon Jun 12 2017  | Post-phys_opt_design checkpoint                                   |
| ------------------- | ------------- | ------------------------- | ----------------------------------------------------------------- |
| route_design        | 00h:01m:00s   | 09:49:16 Mon Jun 12 2017  | route_design                                                      |
| ------------------- | ------------- | ------------------------- | ----------------------------------------------------------------- |
| write_checkpoint    | 00h:00m:05s   | 09:50:16 Mon Jun 12 2017  | Post-route_design checkpoint                                      |
| ------------------- | ------------- | ------------------------- | ----------------------------------------------------------------- |
| report_utilization  | 00h:00m:00s   | 09:50:21 Mon Jun 12 2017  |                                                                   |
| ------------------- | ------------- | ------------------------- | ----------------------------------------------------------------- |
| report_route_status | 00h:00m:00s   | 09:50:22 Mon Jun 12 2017  |                                                                   |
| ------------------- | ------------- | ------------------------- | ----------------------------------------------------------------- |
| report_timing       | 00h:00m:05s   | 09:50:22 Mon Jun 12 2017  | Timing Summary                                                    |
| ------------------- | ------------- | ------------------------- | ----------------------------------------------------------------- |
| report_drc          | 00h:00m:03s   | 09:50:27 Mon Jun 12 2017  | bistream_checks                                                   |
| ------------------- | ------------- | ------------------------- | ----------------------------------------------------------------- |
| write_checkpoint    | 00h:00m:01s   | 09:50:31 Mon Jun 12 2017  | Write cell checkpoint for recon_matrix_inst_0                     |
| ------------------- | ------------- | ------------------------- | ----------------------------------------------------------------- |
| update_design       | 00h:00m:09s   | 09:50:32 Mon Jun 12 2017  | Carve out (blackbox) recon_matrix_inst_0                          |
| ------------------- | ------------- | ------------------------- | ----------------------------------------------------------------- |
| lock_design         | 00h:00m:04s   | 09:50:41 Mon Jun 12 2017  | Lock placement and routing of patmos_top                          |
| ------------------- | ------------- | ------------------------- | ----------------------------------------------------------------- |
| write_checkpoint    | 00h:00m:05s   | 09:50:45 Mon Jun 12 2017  | Write out locked Static checkpoint                                |
| ------------------- | ------------- | ------------------------- | ----------------------------------------------------------------- |
Total time:		00h:03m:25s
	INFO: [Route 35-57] Estimated Timing Summary | WNS=1.171  | TNS=0.000  | WHS=0.026  | THS=0.000  |


Info: Running Vivado version Vivado v2016.4 (64-bit)
SW Build 1733598 on Wed Dec 14 22:35:42 MST 2016
IP Build 1731160 on Wed Dec 14 23:47:21 MST 2016
Copyright 1986-2016 Xilinx, Inc. All Rights Reserved.
#HD: Running implementation config_recon_matmul_3b_16x16_import
Writing results to: ./implement/config_recon_matmul_3b_16x16_import
Writing reports to: ./implement/config_recon_matmul_3b_16x16_import/reports

| ------------------- | ------------- | ------------------------- | ----------------------------------------------------------------- |
| Phase               | Time in Phase | Time/Date                 | Description                                                       |
| ------------------- | ------------- | ------------------------- | ----------------------------------------------------------------- |
| link_design         | 00h:00m:09s   | 09:50:51 Mon Jun 12 2017  | link_design -part xc7a100tcsg324-1 -top patmos_top                |
| ------------------- | ------------- | ------------------------- | ----------------------------------------------------------------- |
| read_checkpoint     | 00h:00m:03s   | 09:51:00 Mon Jun 12 2017  | Resolve blackbox for recon_matrix_inst_0                          |
| ------------------- | ------------- | ------------------------- | ----------------------------------------------------------------- |
| write_checkpoint    | 00h:00m:06s   | 09:51:03 Mon Jun 12 2017  | Post link_design checkpoint                                       |
| ------------------- | ------------- | ------------------------- | ----------------------------------------------------------------- |
| opt_design          | 00h:00m:18s   | 09:51:09 Mon Jun 12 2017  | opt_design                                                        |
| ------------------- | ------------- | ------------------------- | ----------------------------------------------------------------- |
| write_checkpoint    | 00h:00m:05s   | 09:51:27 Mon Jun 12 2017  | Post-opt_design checkpoint                                        |
| ------------------- | ------------- | ------------------------- | ----------------------------------------------------------------- |
| place_design        | 00h:00m:46s   | 09:51:33 Mon Jun 12 2017  | place_design                                                      |
| ------------------- | ------------- | ------------------------- | ----------------------------------------------------------------- |
| write_checkpoint    | 00h:00m:06s   | 09:52:19 Mon Jun 12 2017  | Post-place_design checkpoint                                      |
| ------------------- | ------------- | ------------------------- | ----------------------------------------------------------------- |
| phys_opt_design     | 00h:00m:09s   | 09:52:25 Mon Jun 12 2017  | phys_opt_design                                                   |
| ------------------- | ------------- | ------------------------- | ----------------------------------------------------------------- |
| write_checkpoint    | 00h:00m:05s   | 09:52:34 Mon Jun 12 2017  | Post-phys_opt_design checkpoint                                   |
| ------------------- | ------------- | ------------------------- | ----------------------------------------------------------------- |
| route_design        | 00h:00m:54s   | 09:52:39 Mon Jun 12 2017  | route_design                                                      |
| ------------------- | ------------- | ------------------------- | ----------------------------------------------------------------- |
| write_checkpoint    | 00h:00m:06s   | 09:53:33 Mon Jun 12 2017  | Post-route_design checkpoint                                      |
| ------------------- | ------------- | ------------------------- | ----------------------------------------------------------------- |
| report_utilization  | 00h:00m:00s   | 09:53:39 Mon Jun 12 2017  |                                                                   |
| ------------------- | ------------- | ------------------------- | ----------------------------------------------------------------- |
| report_route_status | 00h:00m:00s   | 09:53:40 Mon Jun 12 2017  |                                                                   |
| ------------------- | ------------- | ------------------------- | ----------------------------------------------------------------- |
| report_timing       | 00h:00m:04s   | 09:53:40 Mon Jun 12 2017  | Timing Summary                                                    |
| ------------------- | ------------- | ------------------------- | ----------------------------------------------------------------- |
| report_drc          | 00h:00m:05s   | 09:53:44 Mon Jun 12 2017  | bistream_checks                                                   |
| ------------------- | ------------- | ------------------------- | ----------------------------------------------------------------- |
| write_checkpoint    | 00h:00m:02s   | 09:53:49 Mon Jun 12 2017  | Write cell checkpoint for recon_matrix_inst_0                     |
| ------------------- | ------------- | ------------------------- | ----------------------------------------------------------------- |
Total time:		00h:03m:00s
	INFO: [Route 35-57] Estimated Timing Summary | WNS=1.171  | TNS=0.000  | WHS=0.026  | THS=0.000  |


Info: Running Vivado version Vivado v2016.4 (64-bit)
SW Build 1733598 on Wed Dec 14 22:35:42 MST 2016
IP Build 1731160 on Wed Dec 14 23:47:21 MST 2016
Copyright 1986-2016 Xilinx, Inc. All Rights Reserved.
#HD: Running implementation config_recon_matmul_3b_32x32_import
Writing results to: ./implement/config_recon_matmul_3b_32x32_import
Writing reports to: ./implement/config_recon_matmul_3b_32x32_import/reports

| ------------------- | ------------- | ------------------------- | ----------------------------------------------------------------- |
| Phase               | Time in Phase | Time/Date                 | Description                                                       |
| ------------------- | ------------- | ------------------------- | ----------------------------------------------------------------- |
| link_design         | 00h:00m:09s   | 09:53:52 Mon Jun 12 2017  | link_design -part xc7a100tcsg324-1 -top patmos_top                |
| ------------------- | ------------- | ------------------------- | ----------------------------------------------------------------- |
| read_checkpoint     | 00h:00m:03s   | 09:54:01 Mon Jun 12 2017  | Resolve blackbox for recon_matrix_inst_0                          |
| ------------------- | ------------- | ------------------------- | ----------------------------------------------------------------- |
| write_checkpoint    | 00h:00m:06s   | 09:54:04 Mon Jun 12 2017  | Post link_design checkpoint                                       |
| ------------------- | ------------- | ------------------------- | ----------------------------------------------------------------- |
| opt_design          | 00h:00m:20s   | 09:54:10 Mon Jun 12 2017  | opt_design                                                        |
| ------------------- | ------------- | ------------------------- | ----------------------------------------------------------------- |
| write_checkpoint    | 00h:00m:05s   | 09:54:30 Mon Jun 12 2017  | Post-opt_design checkpoint                                        |
| ------------------- | ------------- | ------------------------- | ----------------------------------------------------------------- |
| place_design        | 00h:00m:50s   | 09:54:35 Mon Jun 12 2017  | place_design                                                      |
| ------------------- | ------------- | ------------------------- | ----------------------------------------------------------------- |
| write_checkpoint    | 00h:00m:06s   | 09:55:25 Mon Jun 12 2017  | Post-place_design checkpoint                                      |
| ------------------- | ------------- | ------------------------- | ----------------------------------------------------------------- |
| phys_opt_design     | 00h:00m:09s   | 09:55:31 Mon Jun 12 2017  | phys_opt_design                                                   |
| ------------------- | ------------- | ------------------------- | ----------------------------------------------------------------- |
| write_checkpoint    | 00h:00m:06s   | 09:55:40 Mon Jun 12 2017  | Post-phys_opt_design checkpoint                                   |
| ------------------- | ------------- | ------------------------- | ----------------------------------------------------------------- |
| route_design        | 00h:00m:56s   | 09:55:46 Mon Jun 12 2017  | route_design                                                      |
| ------------------- | ------------- | ------------------------- | ----------------------------------------------------------------- |
| write_checkpoint    | 00h:00m:06s   | 09:56:42 Mon Jun 12 2017  | Post-route_design checkpoint                                      |
| ------------------- | ------------- | ------------------------- | ----------------------------------------------------------------- |
| report_utilization  | 00h:00m:00s   | 09:56:48 Mon Jun 12 2017  |                                                                   |
| ------------------- | ------------- | ------------------------- | ----------------------------------------------------------------- |
| report_route_status | 00h:00m:00s   | 09:56:49 Mon Jun 12 2017  |                                                                   |
| ------------------- | ------------- | ------------------------- | ----------------------------------------------------------------- |
| report_timing       | 00h:00m:05s   | 09:56:49 Mon Jun 12 2017  | Timing Summary                                                    |
| ------------------- | ------------- | ------------------------- | ----------------------------------------------------------------- |
| report_drc          | 00h:00m:04s   | 09:56:54 Mon Jun 12 2017  | bistream_checks                                                   |
| ------------------- | ------------- | ------------------------- | ----------------------------------------------------------------- |
| write_checkpoint    | 00h:00m:02s   | 09:56:59 Mon Jun 12 2017  | Write cell checkpoint for recon_matrix_inst_0                     |
| ------------------- | ------------- | ------------------------- | ----------------------------------------------------------------- |
Total time:		00h:03m:09s
	INFO: [Route 35-57] Estimated Timing Summary | WNS=1.171  | TNS=0.000  | WHS=0.026  | THS=0.000  |


Info: Running Vivado version Vivado v2016.4 (64-bit)
SW Build 1733598 on Wed Dec 14 22:35:42 MST 2016
IP Build 1731160 on Wed Dec 14 23:47:21 MST 2016
Copyright 1986-2016 Xilinx, Inc. All Rights Reserved.
#HD: Running implementation config_recon_minver_1b_4x4_import
Writing results to: ./implement/config_recon_minver_1b_4x4_import
Writing reports to: ./implement/config_recon_minver_1b_4x4_import/reports

| ------------------- | ------------- | ------------------------- | ----------------------------------------------------------------- |
| Phase               | Time in Phase | Time/Date                 | Description                                                       |
| ------------------- | ------------- | ------------------------- | ----------------------------------------------------------------- |
| link_design         | 00h:00m:10s   | 09:57:02 Mon Jun 12 2017  | link_design -part xc7a100tcsg324-1 -top patmos_top                |
| ------------------- | ------------- | ------------------------- | ----------------------------------------------------------------- |
| read_checkpoint     | 00h:00m:03s   | 09:57:12 Mon Jun 12 2017  | Resolve blackbox for recon_matrix_inst_0                          |
| ------------------- | ------------- | ------------------------- | ----------------------------------------------------------------- |
| write_checkpoint    | 00h:00m:06s   | 09:57:15 Mon Jun 12 2017  | Post link_design checkpoint                                       |
| ------------------- | ------------- | ------------------------- | ----------------------------------------------------------------- |
| opt_design          | 00h:00m:19s   | 09:57:21 Mon Jun 12 2017  | opt_design                                                        |
| ------------------- | ------------- | ------------------------- | ----------------------------------------------------------------- |
| write_checkpoint    | 00h:00m:07s   | 09:57:40 Mon Jun 12 2017  | Post-opt_design checkpoint                                        |
| ------------------- | ------------- | ------------------------- | ----------------------------------------------------------------- |
| place_design        | 00h:00m:50s   | 09:57:47 Mon Jun 12 2017  | place_design                                                      |
| ------------------- | ------------- | ------------------------- | ----------------------------------------------------------------- |
| write_checkpoint    | 00h:00m:06s   | 09:58:37 Mon Jun 12 2017  | Post-place_design checkpoint                                      |
| ------------------- | ------------- | ------------------------- | ----------------------------------------------------------------- |
| phys_opt_design     | 00h:00m:09s   | 09:58:43 Mon Jun 12 2017  | phys_opt_design                                                   |
| ------------------- | ------------- | ------------------------- | ----------------------------------------------------------------- |
| write_checkpoint    | 00h:00m:06s   | 09:58:52 Mon Jun 12 2017  | Post-phys_opt_design checkpoint                                   |
| ------------------- | ------------- | ------------------------- | ----------------------------------------------------------------- |
| route_design        | 00h:00m:54s   | 09:58:58 Mon Jun 12 2017  | route_design                                                      |
| ------------------- | ------------- | ------------------------- | ----------------------------------------------------------------- |
| write_checkpoint    | 00h:00m:07s   | 09:59:52 Mon Jun 12 2017  | Post-route_design checkpoint                                      |
| ------------------- | ------------- | ------------------------- | ----------------------------------------------------------------- |
| report_utilization  | 00h:00m:00s   | 09:59:59 Mon Jun 12 2017  |                                                                   |
| ------------------- | ------------- | ------------------------- | ----------------------------------------------------------------- |
| report_route_status | 00h:00m:00s   | 10:00:00 Mon Jun 12 2017  |                                                                   |
| ------------------- | ------------- | ------------------------- | ----------------------------------------------------------------- |
| report_timing       | 00h:00m:05s   | 10:00:00 Mon Jun 12 2017  | Timing Summary                                                    |
| ------------------- | ------------- | ------------------------- | ----------------------------------------------------------------- |
| report_drc          | 00h:00m:04s   | 10:00:05 Mon Jun 12 2017  | bistream_checks                                                   |
| ------------------- | ------------- | ------------------------- | ----------------------------------------------------------------- |
| write_checkpoint    | 00h:00m:02s   | 10:00:10 Mon Jun 12 2017  | Write cell checkpoint for recon_matrix_inst_0                     |
| ------------------- | ------------- | ------------------------- | ----------------------------------------------------------------- |
Total time:		00h:03m:10s
	INFO: [Route 35-57] Estimated Timing Summary | WNS=1.171  | TNS=0.000  | WHS=0.026  | THS=0.000  |


Info: Running Vivado version Vivado v2016.4 (64-bit)
SW Build 1733598 on Wed Dec 14 22:35:42 MST 2016
IP Build 1731160 on Wed Dec 14 23:47:21 MST 2016
Copyright 1986-2016 Xilinx, Inc. All Rights Reserved.
#HD: Running implementation config_recon_minver_1b_16x16_import
Writing results to: ./implement/config_recon_minver_1b_16x16_import
Writing reports to: ./implement/config_recon_minver_1b_16x16_import/reports

| ------------------- | ------------- | ------------------------- | ----------------------------------------------------------------- |
| Phase               | Time in Phase | Time/Date                 | Description                                                       |
| ------------------- | ------------- | ------------------------- | ----------------------------------------------------------------- |
| link_design         | 00h:00m:10s   | 10:00:12 Mon Jun 12 2017  | link_design -part xc7a100tcsg324-1 -top patmos_top                |
| ------------------- | ------------- | ------------------------- | ----------------------------------------------------------------- |
| read_checkpoint     | 00h:00m:04s   | 10:00:22 Mon Jun 12 2017  | Resolve blackbox for recon_matrix_inst_0                          |
| ------------------- | ------------- | ------------------------- | ----------------------------------------------------------------- |
| write_checkpoint    | 00h:00m:06s   | 10:00:26 Mon Jun 12 2017  | Post link_design checkpoint                                       |
| ------------------- | ------------- | ------------------------- | ----------------------------------------------------------------- |
| opt_design          | 00h:00m:20s   | 10:00:32 Mon Jun 12 2017  | opt_design                                                        |
| ------------------- | ------------- | ------------------------- | ----------------------------------------------------------------- |
| write_checkpoint    | 00h:00m:06s   | 10:00:52 Mon Jun 12 2017  | Post-opt_design checkpoint                                        |
| ------------------- | ------------- | ------------------------- | ----------------------------------------------------------------- |
| place_design        | 00h:00m:54s   | 10:00:58 Mon Jun 12 2017  | place_design                                                      |
| ------------------- | ------------- | ------------------------- | ----------------------------------------------------------------- |
| write_checkpoint    | 00h:00m:07s   | 10:01:52 Mon Jun 12 2017  | Post-place_design checkpoint                                      |
| ------------------- | ------------- | ------------------------- | ----------------------------------------------------------------- |
| phys_opt_design     | 00h:00m:09s   | 10:01:59 Mon Jun 12 2017  | phys_opt_design                                                   |
| ------------------- | ------------- | ------------------------- | ----------------------------------------------------------------- |
| write_checkpoint    | 00h:00m:07s   | 10:02:08 Mon Jun 12 2017  | Post-phys_opt_design checkpoint                                   |
| ------------------- | ------------- | ------------------------- | ----------------------------------------------------------------- |
| route_design        | 00h:00m:58s   | 10:02:15 Mon Jun 12 2017  | route_design                                                      |
| ------------------- | ------------- | ------------------------- | ----------------------------------------------------------------- |
| write_checkpoint    | 00h:00m:07s   | 10:03:13 Mon Jun 12 2017  | Post-route_design checkpoint                                      |
| ------------------- | ------------- | ------------------------- | ----------------------------------------------------------------- |
| report_utilization  | 00h:00m:00s   | 10:03:20 Mon Jun 12 2017  |                                                                   |
| ------------------- | ------------- | ------------------------- | ----------------------------------------------------------------- |
| report_route_status | 00h:00m:00s   | 10:03:21 Mon Jun 12 2017  |                                                                   |
| ------------------- | ------------- | ------------------------- | ----------------------------------------------------------------- |
| report_timing       | 00h:00m:05s   | 10:03:21 Mon Jun 12 2017  | Timing Summary                                                    |
| ------------------- | ------------- | ------------------------- | ----------------------------------------------------------------- |
| report_drc          | 00h:00m:05s   | 10:03:26 Mon Jun 12 2017  | bistream_checks                                                   |
| ------------------- | ------------- | ------------------------- | ----------------------------------------------------------------- |
| write_checkpoint    | 00h:00m:03s   | 10:03:31 Mon Jun 12 2017  | Write cell checkpoint for recon_matrix_inst_0                     |
| ------------------- | ------------- | ------------------------- | ----------------------------------------------------------------- |
Total time:		00h:03m:22s
	INFO: [Route 35-57] Estimated Timing Summary | WNS=1.171  | TNS=0.000  | WHS=0.026  | THS=0.000  |


Info: Running Vivado version Vivado v2016.4 (64-bit)
SW Build 1733598 on Wed Dec 14 22:35:42 MST 2016
IP Build 1731160 on Wed Dec 14 23:47:21 MST 2016
Copyright 1986-2016 Xilinx, Inc. All Rights Reserved.
#HD: Running implementation config_recon_minver_1b_32x32_import
Writing results to: ./implement/config_recon_minver_1b_32x32_import
Writing reports to: ./implement/config_recon_minver_1b_32x32_import/reports

| ------------------- | ------------- | ------------------------- | ----------------------------------------------------------------- |
| Phase               | Time in Phase | Time/Date                 | Description                                                       |
| ------------------- | ------------- | ------------------------- | ----------------------------------------------------------------- |
| link_design         | 00h:00m:10s   | 10:03:35 Mon Jun 12 2017  | link_design -part xc7a100tcsg324-1 -top patmos_top                |
| ------------------- | ------------- | ------------------------- | ----------------------------------------------------------------- |
| read_checkpoint     | 00h:00m:04s   | 10:03:45 Mon Jun 12 2017  | Resolve blackbox for recon_matrix_inst_0                          |
| ------------------- | ------------- | ------------------------- | ----------------------------------------------------------------- |
| write_checkpoint    | 00h:00m:07s   | 10:03:49 Mon Jun 12 2017  | Post link_design checkpoint                                       |
| ------------------- | ------------- | ------------------------- | ----------------------------------------------------------------- |
| opt_design          | 00h:00m:21s   | 10:03:56 Mon Jun 12 2017  | opt_design                                                        |
| ------------------- | ------------- | ------------------------- | ----------------------------------------------------------------- |
| write_checkpoint    | 00h:00m:07s   | 10:04:17 Mon Jun 12 2017  | Post-opt_design checkpoint                                        |
| ------------------- | ------------- | ------------------------- | ----------------------------------------------------------------- |
| place_design        | 00h:00m:57s   | 10:04:24 Mon Jun 12 2017  | place_design                                                      |
| ------------------- | ------------- | ------------------------- | ----------------------------------------------------------------- |
| write_checkpoint    | 00h:00m:07s   | 10:05:21 Mon Jun 12 2017  | Post-place_design checkpoint                                      |
| ------------------- | ------------- | ------------------------- | ----------------------------------------------------------------- |
| phys_opt_design     | 00h:00m:10s   | 10:05:28 Mon Jun 12 2017  | phys_opt_design                                                   |
| ------------------- | ------------- | ------------------------- | ----------------------------------------------------------------- |
| write_checkpoint    | 00h:00m:07s   | 10:05:38 Mon Jun 12 2017  | Post-phys_opt_design checkpoint                                   |
| ------------------- | ------------- | ------------------------- | ----------------------------------------------------------------- |
| route_design        | 00h:00m:59s   | 10:05:45 Mon Jun 12 2017  | route_design                                                      |
| ------------------- | ------------- | ------------------------- | ----------------------------------------------------------------- |
| write_checkpoint    | 00h:00m:07s   | 10:06:44 Mon Jun 12 2017  | Post-route_design checkpoint                                      |
| ------------------- | ------------- | ------------------------- | ----------------------------------------------------------------- |
| report_utilization  | 00h:00m:00s   | 10:06:51 Mon Jun 12 2017  |                                                                   |
| ------------------- | ------------- | ------------------------- | ----------------------------------------------------------------- |
| report_route_status | 00h:00m:00s   | 10:06:52 Mon Jun 12 2017  |                                                                   |
| ------------------- | ------------- | ------------------------- | ----------------------------------------------------------------- |
| report_timing       | 00h:00m:06s   | 10:06:52 Mon Jun 12 2017  | Timing Summary                                                    |
| ------------------- | ------------- | ------------------------- | ----------------------------------------------------------------- |
| report_drc          | 00h:00m:05s   | 10:06:58 Mon Jun 12 2017  | bistream_checks                                                   |
| ------------------- | ------------- | ------------------------- | ----------------------------------------------------------------- |
| write_checkpoint    | 00h:00m:04s   | 10:07:03 Mon Jun 12 2017  | Write cell checkpoint for recon_matrix_inst_0                     |
| ------------------- | ------------- | ------------------------- | ----------------------------------------------------------------- |
Total time:		00h:03m:32s
	INFO: [Route 35-57] Estimated Timing Summary | WNS=1.171  | TNS=0.000  | WHS=0.026  | THS=0.000  |



| ------------------- | ------------- | ------------------------- | ----------------------------------------------------------------- |
| Phase               | Time in Phase | Time/Date                 | Description                                                       |
| ------------------- | ------------- | ------------------------- | ----------------------------------------------------------------- |
| pr_verify           | 00h:01m:39s   | 10:07:07 Mon Jun 12 2017  | 6 Configurations                                                  |
| ------------------- | ------------- | ------------------------- | ----------------------------------------------------------------- |

| ------------------- | ------------- | ------------------------- | ----------------------------------------------------------------- |
| Phase               | Time in Phase | Time/Date                 | Description                                                       |
| ------------------- | ------------- | ------------------------- | ----------------------------------------------------------------- |
| write_bitstream     | 00h:01m:01s   | 10:08:46 Mon Jun 12 2017  | config_recon_matmul_3b_4x4_implement                              |
| ------------------- | ------------- | ------------------------- | ----------------------------------------------------------------- |

| ------------------- | ------------- | ------------------------- | ----------------------------------------------------------------- |
| Phase               | Time in Phase | Time/Date                 | Description                                                       |
| ------------------- | ------------- | ------------------------- | ----------------------------------------------------------------- |
| write_bitstream     | 00h:01m:04s   | 10:09:48 Mon Jun 12 2017  | config_recon_matmul_3b_16x16_import                               |
| ------------------- | ------------- | ------------------------- | ----------------------------------------------------------------- |

| ------------------- | ------------- | ------------------------- | ----------------------------------------------------------------- |
| Phase               | Time in Phase | Time/Date                 | Description                                                       |
| ------------------- | ------------- | ------------------------- | ----------------------------------------------------------------- |
| write_bitstream     | 00h:01m:06s   | 10:10:53 Mon Jun 12 2017  | config_recon_matmul_3b_32x32_import                               |
| ------------------- | ------------- | ------------------------- | ----------------------------------------------------------------- |

| ------------------- | ------------- | ------------------------- | ----------------------------------------------------------------- |
| Phase               | Time in Phase | Time/Date                 | Description                                                       |
| ------------------- | ------------- | ------------------------- | ----------------------------------------------------------------- |
| write_bitstream     | 00h:01m:07s   | 10:11:59 Mon Jun 12 2017  | config_recon_minver_1b_4x4_import                                 |
| ------------------- | ------------- | ------------------------- | ----------------------------------------------------------------- |

| ------------------- | ------------- | ------------------------- | ----------------------------------------------------------------- |
| Phase               | Time in Phase | Time/Date                 | Description                                                       |
| ------------------- | ------------- | ------------------------- | ----------------------------------------------------------------- |
| write_bitstream     | 00h:01m:10s   | 10:13:06 Mon Jun 12 2017  | config_recon_minver_1b_16x16_import                               |
| ------------------- | ------------- | ------------------------- | ----------------------------------------------------------------- |

| ------------------- | ------------- | ------------------------- | ----------------------------------------------------------------- |
| Phase               | Time in Phase | Time/Date                 | Description                                                       |
| ------------------- | ------------- | ------------------------- | ----------------------------------------------------------------- |
| write_bitstream     | 00h:01m:13s   | 10:14:16 Mon Jun 12 2017  | config_recon_minver_1b_32x32_import                               |
| ------------------- | ------------- | ------------------------- | ----------------------------------------------------------------- |
